[2021-05-18 06:04:17,707] INFO [Controller id=0] Processing automatic preferred replica leader election (kafka.controller.KafkaController)
[2021-05-18 06:04:17,736] TRACE [Controller id=0] Checking need to trigger auto leader balancing (kafka.controller.KafkaController)
[2021-05-18 06:04:17,738] DEBUG [Controller id=0] Topics not in preferred replica for broker 0 HashMap() (kafka.controller.KafkaController)
[2021-05-18 06:04:17,738] TRACE [Controller id=0] Leader imbalance ratio for broker 0 is 0.0 (kafka.controller.KafkaController)
[2021-05-18 06:09:17,740] INFO [Controller id=0] Processing automatic preferred replica leader election (kafka.controller.KafkaController)
[2021-05-18 06:09:17,750] TRACE [Controller id=0] Checking need to trigger auto leader balancing (kafka.controller.KafkaController)
[2021-05-18 06:09:17,753] DEBUG [Controller id=0] Topics not in preferred replica for broker 0 HashMap() (kafka.controller.KafkaController)
[2021-05-18 06:09:17,755] TRACE [Controller id=0] Leader imbalance ratio for broker 0 is 0.0 (kafka.controller.KafkaController)
[2021-05-18 06:14:17,831] INFO [Controller id=0] Processing automatic preferred replica leader election (kafka.controller.KafkaController)
[2021-05-18 06:14:17,882] TRACE [Controller id=0] Checking need to trigger auto leader balancing (kafka.controller.KafkaController)
[2021-05-18 06:14:17,893] DEBUG [Controller id=0] Topics not in preferred replica for broker 0 HashMap() (kafka.controller.KafkaController)
[2021-05-18 06:14:17,896] TRACE [Controller id=0] Leader imbalance ratio for broker 0 is 0.0 (kafka.controller.KafkaController)
[2021-05-18 06:19:19,782] INFO [Controller id=0] Processing automatic preferred replica leader election (kafka.controller.KafkaController)
[2021-05-18 06:19:20,318] TRACE [Controller id=0] Checking need to trigger auto leader balancing (kafka.controller.KafkaController)
[2021-05-18 06:19:25,673] DEBUG [Controller id=0] Topics not in preferred replica for broker 0 HashMap() (kafka.controller.KafkaController)
[2021-05-18 06:19:26,024] TRACE [Controller id=0] Leader imbalance ratio for broker 0 is 0.0 (kafka.controller.KafkaController)
[2021-05-18 06:23:26,599] DEBUG [Controller id=0] Resigning (kafka.controller.KafkaController)
[2021-05-18 06:23:30,552] DEBUG [Controller id=0] Unregister BrokerModifications handler for Set(0) (kafka.controller.KafkaController)
[2021-05-18 06:23:30,581] INFO [PartitionStateMachine controllerId=0] Stopped partition state machine (kafka.controller.ZkPartitionStateMachine)
[2021-05-18 06:23:30,622] INFO [ReplicaStateMachine controllerId=0] Stopped replica state machine (kafka.controller.ZkReplicaStateMachine)
[2021-05-18 06:23:30,625] INFO [RequestSendThread controllerId=0] Shutting down (kafka.controller.RequestSendThread)
[2021-05-18 06:23:32,823] INFO [RequestSendThread controllerId=0] Shutdown completed (kafka.controller.RequestSendThread)
[2021-05-18 06:23:32,823] INFO [RequestSendThread controllerId=0] Stopped (kafka.controller.RequestSendThread)
[2021-05-18 06:23:38,776] INFO [Controller id=0] Resigned (kafka.controller.KafkaController)
[2021-05-18 06:24:34,868] INFO [Controller id=0] 0 successfully elected as the controller. Epoch incremented to 6 and epoch zk version is now 6 (kafka.controller.KafkaController)
[2021-05-18 06:25:11,567] INFO [Controller id=0] Registering handlers (kafka.controller.KafkaController)
